<?xml version="1.0" encoding="UTF-8"?>
<testng-results skipped="0" failed="0" total="1" passed="1">
  <reporter-output>
    <line>
      <![CDATA[About to begin executing Suite Default suite]]>
    </line>
    <line>
      <![CDATA[About to begin executing Suite Default suite]]>
    </line>
    <line>
      <![CDATA[About to begin executing Test Default test]]>
    </line>
    <line>
      <![CDATA[About to begin executing following method : TestListener.main]]>
    </line>
    <line>
      <![CDATA[About to begin executing following method : TestListener.main]]>
    </line>
    <line>
      <![CDATA[Completed executing following method : TestListener.main]]>
    </line>
    <line>
      <![CDATA[Completed executing following method : TestListener.main]]>
    </line>
    <line>
      <![CDATA[Test Method resides in com.smartsense.TestListener]]>
    </line>
    <line>
      <![CDATA[Test Status: Pass]]>
    </line>
    <line>
      <![CDATA[Completed executing test Default test]]>
    </line>
    <line>
      <![CDATA[About to end executing Suite Default suite]]>
    </line>
    <line>
      <![CDATA[About to end executing Suite Default suite]]>
    </line>
  </reporter-output>
  <suite name="Default suite" duration-ms="25" started-at="2016-09-04T09:27:18Z" finished-at="2016-09-04T09:27:18Z">
    <groups>
    </groups>
    <test name="Default test" duration-ms="25" started-at="2016-09-04T09:27:18Z" finished-at="2016-09-04T09:27:18Z">
      <class name="com.smartsense.TestListener">
        <test-method status="PASS" signature="main()[pri:0, instance:com.smartsense.TestListener@7c16905e]" name="main" duration-ms="11" started-at="2016-09-04T14:57:18Z" finished-at="2016-09-04T14:57:18Z">
          <reporter-output>
            <line>
              <![CDATA[Completed executing following method : TestListener.main]]>
            </line>
            <line>
              <![CDATA[Completed executing following method : TestListener.main]]>
            </line>
            <line>
              <![CDATA[Test Method resides in com.smartsense.TestListener]]>
            </line>
            <line>
              <![CDATA[Test Status: Pass]]>
            </line>
          </reporter-output>
        </test-method> <!-- main -->
      </class> <!-- com.smartsense.TestListener -->
    </test> <!-- Default test -->
  </suite> <!-- Default suite -->
</testng-results>
